<?xml version="1.0" encoding="UTF-8"?>
<beans xmlns="http://www.springframework.org/schema/beans"
       xmlns:xsi="http://www.w3.org/2001/XMLSchema-instance"
       xmlns:aop="http://www.springframework.org/schema/aop"
       xmlns:tx="http://www.springframework.org/schema/tx"
       xmlns:util="http://www.springframework.org/schema/util"
       xsi:schemaLocation="
       http://www.springframework.org/schema/beans http://www.springframework.org/schema/beans/spring-beans.xsd
       http://www.springframework.org/schema/tx http://www.springframework.org/schema/tx/spring-tx.xsd
       http://www.springframework.org/schema/aop http://www.springframework.org/schema/aop/spring-aop.xsd
       http://www.springframework.org/schema/util http://www.springframework.org/schema/util/spring-util.xsd">
    
    <bean id="dataSource" class="org.springframework.jdbc.datasource.SingleConnectionDataSource">
            <property name="driverClassName" value="org.hsqldb.jdbcDriver" />
            <property name="url" value="jdbc:hsqldb:mem:tudu-test" />
            <property name="username" value="sa" />
            <property name="password" value="" />
            <property name="suppressClose" value="true" />
    </bean>
    
    <util:properties id="hibernateProperties">
        <prop key="hibernate.dialect">org.hibernate.dialect.HSQLDialect</prop>
        <prop key="hibernate.cache.use_second_level_cache">false</prop>
        <prop key="hibernate.cache.use_query_cache">false</prop>
        <prop key="hibernate.hbm2ddl.auto">create-drop</prop>
    </util:properties>
   
    <bean id="transactionManager" class="org.springframework.orm.hibernate3.HibernateTransactionManager">
        <property name="sessionFactory" ref="sessionFactory" />
    </bean>
    
    <aop:config>      
        <aop:pointcut id="dao" expression="execution(* tudu.domain.dao.hibernate..*DAO*.*(..))"/>
        <aop:advisor advice-ref="txAdvice" pointcut-ref="dao"/>
    </aop:config>   
    
    <tx:advice id="txAdvice" transaction-manager="transactionManager">
        <tx:attributes>
            <tx:method name="*" propagation="REQUIRED" />
        </tx:attributes>
    </tx:advice>
    
    <bean id="dbUnitHelper" class="tudu.test.DbUnitHelper" />
   
</beans>