<?xml version="1.0" encoding="UTF-8"?>
<beans xmlns="http://www.springframework.org/schema/beans"
       xmlns:xsi="http://www.w3.org/2001/XMLSchema-instance"
       xmlns:aop="http://www.springframework.org/schema/aop"
       xmlns:tx="http://www.springframework.org/schema/tx"
       xmlns:util="http://www.springframework.org/schema/util"
       xsi:schemaLocation="
       http://www.springframework.org/schema/beans http://www.springframework.org/schema/beans/spring-beans.xsd
       http://www.springframework.org/schema/tx http://www.springframework.org/schema/tx/spring-tx.xsd
       http://www.springframework.org/schema/aop http://www.springframework.org/schema/aop/spring-aop.xsd
       http://www.springframework.org/schema/util http://www.springframework.org/schema/util/spring-util.xsd"> 
	
	<!-- context for DAO unit tests. Completes the JPA configuration -->
	
	<!-- in memory database -->	
	<bean id="dataSource" class="org.springframework.jdbc.datasource.SingleConnectionDataSource">
		    <property name="driverClassName" value="org.hsqldb.jdbcDriver" />
			<property name="url" value="jdbc:hsqldb:mem:tudu-test" />
			<property name="username" value="sa" />
			<property name="password" value="" />
			<property name="suppressClose" value="true" />
	</bean>
	
	<!-- JPA Vendor adapter, uses Hibernate -->	
	<bean id="jpaVendorAdapter" class="org.springframework.orm.jpa.vendor.HibernateJpaVendorAdapter">
        <property name="showSql" value="false" />
        <property name="generateDdl" value="true" />
        <property name="database" value="HSQL" />        
    </bean>
	
	<!-- transaction manager -->
	<bean id="transactionManager" class="org.springframework.orm.jpa.JpaTransactionManager">
		<property name="entityManagerFactory" ref="entityManagerFactory" />
	</bean>
	
	<!-- transaction policy, transaction are on the DAO for the unit tests -->
	<aop:config>	  		
        <!-- dao methods definition -->
    	<aop:pointcut id="dao" expression="execution(* tudu.domain.dao.jpa..*DAO*.*(..))"/>
    	<!-- transaction advisor -->
    	<aop:advisor advice-ref="txAdvice" pointcut-ref="dao"/>
  	</aop:config>	
	
	<!-- transaction attributes -->
	<tx:advice id="txAdvice" transaction-manager="transactionManager">
		<tx:attributes>
			<tx:method name="*" propagation="REQUIRED" />
		</tx:attributes>
	</tx:advice>
	
	<!-- DbUnit Helper -->
	<bean id="dbUnitHelper" class="tudu.test.DbUnitHelper" />
    
    <util:properties id="jpaProperties">
        <prop key="hibernate.cache.provider_class">org.hibernate.cache.NoCacheProvider</prop>
        <prop key="hibernate.cache.use_query_cache">false</prop>
        <prop key="hibernate.cache.use_second_level_cache">false</prop>
    </util:properties> 
    
</beans>